action with following details have been successfully handled by push_update     37560       4
aaction with following details have been successfully handled by push_update     2685       1aaaction with following details have been successfully handled by push_update     21378       5
action with following details have been successfully handled by push_update     19336       6
action with following details have been successfully handled by push_update     32882       6
action with following details have been successfully handled by push_update     23368       5
action with following details have been successfully handled by push_update     9601       7
action with following details have been successfully handled by push_update     9601       14
action with following details have been successfully handled by push_update     28666       3
action with following details have been successfully handled by push_update     33197       3
action with following details have been successfully handled by push_update     33841       5
action with following details have been successfully handled by push_update     33841       7
action with following details have been successfully handled by push_update     21228       3
action with following details have been successfully handled by push_update     21228       11
action with following details have been successfully handled by push_update     8071       6
action with following details have been successfully handled by push_update     8071       9
action with following details have been successfully handled by push_update     6430       1
action with following details have been successfully handled by push_update     6430       12
action with following details have been successfully handled by push_update     6430       14
action with following details have been successfully handled by push_update     9181       6
action with following details have been successfully handled by push_update     9181       9
action with following details have been successfully handled by push_update     12833       8
action with following details have been successfully handled by push_update     12833       6
action with following details have been successfully handled by push_update     21037       4
action with following details have been successfully handled by push_update     21037       7
action with following details have been successfully handled by push_update     35175       1
action with following details have been successfully handled by push_update     5526       1
action with following details have been successfully handled by push_update     5526       9
action with following details have been successfully handled by push_update     5526       19
action with following details have been successfully handled by push_update     34978       2
action with following details have been successfully handled by push_update     34978       7
action with following details have been successfully handled by push_update     36553       2
action with following details have been successfully handled by push_update     36553       21
action with following details have been successfully handled by push_update     16201       7
action with following details have been successfully handled by push_update     16201       12
action with following details have been successfully handled by push_update     20116       2
action with following details have been successfully handled by push_update     20116       9
action with following details have been successfully handled by push_update     20116       14
action with following details have been successfully handled by push_update     20116       19
action with following details have been successfully handled by push_update     22896       12
action with following details have been successfully handled by push_update     22896       17
action with following details have been successfully handled by push_update     37133       3
action with following details have been successfully handled by push_update     6350       5
actiaction with following details have been successfully handled by push_update     11277       2
action with following details have been successfully handled by push_update     11277      actaction with following details have been successfully handled by push_update     11277       action with following details have been successfully handled by push_update     956       5
acaction with following details have been successfully handled by push_update     956       8action with following details have been successfully handled by push_update     956       17
action with following details have been successfully handled by push_update     24076       8
action with following details have been successfully handled by push_update     15623       3
action with following details have been successfully handled by push_update     15623       12
action with following details have been successfully handled by push_update     14661       1
action with following details have been successfully handled by push_update     14661       8
action with following details have been successfully handled by push_update     14661       14
action with following details have been successfully handled by push_update     35851       7
action with following details have been successfully handled by push_update     29468       8
action with following details have been successfully handled by push_update     37019       13
action with following details have been successfully handled by push_update     1213       8
action with following details have been successfully handled by push_update     1213       19
action with following details have been successfully handled by push_update     18468       7
action with following details have been successfully handled by push_update     35093       4
action with following details have been successfully handled by push_update     35093       10
action with following details have been successfully handled by push_update     35093       12
action with following details have been successfully handled by push_update     35093       10
action with following details have been successfully handled by push_update     19974       5
action with following details have been successfully handled by push_update     19974       12
action with following details have been successfully handled by push_update     1837       1
action with following details have been successfully handled by push_update     1837       10
action with following details have been successfully handled by push_update     1837       10
action with following details have been successfully handled by push_update     19618       16
action with following details have been successfully handled by push_update     7124       0
action with following details have been successfully handled by push_update     7124       13
action with following details have been successfully handled by push_update     11576       1
action with following details have been successfully handled by push_update     11576       7
action with following details have been successfully handled by push_update     2819       6
action with following details have been successfully handled by push_update     9445       6
action with following details have been successfully handled by push_update     9445       6
action with following details have been successfully handled by push_update     9445       acaction with following details have been successfully handled by push_update     32982      action with following details have been successfully handled by push_update     32982       11
action with following details have been successfully handled by push_update     20606       3
action with following details have been successfully handled by push_update     20385       0
acaction with following details have been successfully handled by push_update     20385       acaction with following details have been successfully handled by push_update     4406       acaction with following details have been successfully handled by push_update     17478      action with following details have been successfully handled by push_update     17478       2
actaction with following details have been successfully handled by push_update     26370      action with following details have been successfully handled by push_update     35145       5
action with following details have been successfully handled by push_update     35145       6
action with following details have been successfully handled by push_update     35145       14
action with following details have been successfully handled by push_update     19410       6
action with following details have been successfully handled by push_update     19410       21
action with following details have been successfully handled by push_update     17326       6
action with following details have been successfully handled by push_update     22245       3
action with following details have been successfully handled by push_update     22245       8
action with following details have been successfully handled by push_update     22245       17
action with following details have been successfully handled by push_update     25460       1
action with following details have been successfully handled by push_update     25460       2
aaction with following details have been successfully handled by push_update     9018       7
action with following details have been successfully handled by push_update     11852       9
action with following details have been successfully handled by push_update     32580       7
action with following details have been successfully handled by push_update     32580       11
action with following details have been successfully handled by push_update     32580       17
action with following details have been successfully handled by push_update     13637       8
action with following details have been successfully handled by push_update     1665       2
action with following details have been successfully handled by push_update     1665       5
action with following details have been successfully handled by push_update     1665       9
action with following details have been successfully handled by push_update     11273       4
action with following details have been successfully handled by push_update     11273       18
action with following details have been successfully handled by push_update     11273       25
action with following details have been successfully handled by push_update     17054       3
action with following details have been successfully handled by push_update     17054       7
action with following details have been successfully handled by push_update     17054       9
action with following details have been successfully handled by push_update     17054       6
action with following details have been successfully handled by push_update     17054       14
action with following details have been successfully handled by push_update     27900       2
action with following details have been successfully handled by push_update     27900       7
action with following details have been successfully handled by push_update     32080       1
action with following details have been successfully handled by push_update     32080       3
action with following details have been successfully handled by push_update     32080       2
   4
action with following details have been successfully handled by push_update     11273       1
action with following details have been successfully handled by push_update     11273       11
action with following details have been successfully handled by push_update     11273       23
action with following details have been successfully handled by push_update     11273       24
ng details have been successfully handled by push_update     11273       15
action with following details have been successfully handled by push_update     17054       11
action with following details have been successfully handled by push_update     17054       15
action action with following details have been successfully handled by push_update     32080       10
action with following details have been successfully handled by push_update     32080       4
 with following details have been successfully handled by push_update     17054       12
    17054       10
action with following details have been successfully handled by push_update     17054       9
action with following details have been successfully handled by push_update     17054       14
action with following details have been successfully handled by push_update     27900       7
action with following details have been successfully handled by push_update     32080       0
n with following details have been successfully handled by push_update     17054       4
action with following details have been successfully handled by push_update     27900       0
action with following details have been successfully handled by push_update     27900       0
action with following details have been successfully handled by push_update     27900       0
action with following details have been successfully handled by push_update     27900       3
action with following details have been successfully handled by push_update     32080       8
action with following details have been successfully handled by push_update     27900       5
action with following details have been successfully handled by push_update     32080       0
action with following details have been successfully handled by push_update     32080       2
action with following details have been successfully handled by push_update     32080       6
action with following details have been successfully handled by push_update     32080       8
 following details have been successfully handled by push_update     32080  action with following details have been successfully handled by push_update     32080       13
    5
 32080       4
action with following details have been successfully handled by push_update     32080       3
action with following details have been successfully handled by push_update     32080       11
action with following details have been successfully handled by push_updaaction with following details have been successfully handled by push_update     32080       12
0       4
action with following details have been successfully handled by push_update     27900  action with folaction with following details have been successfully handled by push_update     32080       6
ith following details have been successfully handled by push_update     32080       6
ng details have been successfully handled by push_update     29822       3
action with following details have been successfully handled by push_update     9793       4
action with following details have been successfully handled by push_update     1665       1
action with following details have been successfully handled by push_update     11273       2
action with following details have been successfully handled by push_update     11273       10
action with following details have been successfully handled by push_update     11273       21
action with following details have been successfully handled by push_update     11273       20
   9
action with following details have been successfully handled by push_update     24642       12
wiaction with following details have been successfully handled by push_update     11445 action with following details have been successfully handled by push_update     24642       2
action with following details have been successfully handled by push_update     24642       2
action with following details have been successfully handled by push_update     24642       16
      1
action with following details have been successfully handled by push_update     24642       6
action with following details have been successfully handled by push_update     24642       6
action with following details have been successfully handled by push_update     24642       7
action with following details have been successfully handled by push_update     24642       9
