I am reading the feed queue of the user_id:   19197 and

I am reading the feed queue of the user_id:   1231 and
I read action nI am reading the feed queue of the user_id:   32146 and
I am reading the feed queue of the user_id:   20184 and
I read action number: 1 Of type: 0 By user_id: 24040 time: 1678471615
I read action number: 10 Of type: 0 By user_id: 24040 time: 1678471615
I read action number: 4 Of type: 1 By user_id: 24040 time: 1678471615
I read action number: 6 Of type: 0 By user_id: 24040 time: 1678471615
I read action number: 10 Of type: 1 By user_id: 24040 timeI am reading the feed queue of the user_id:   3873 and
I read action number: 1 Of type: 2 By user_id: 1903 time: 1678471615
I read action number: 4 Of type: 1 By user_id: 1903 time: 1678471615
I read action number: 3 Of type: 0 By user_id: 1903 time: 1678471615
I rI am reading the feed queue of the user_id:   30235 and
I read action number: 1 Of type: 0 By user_id: 9637 time: 1678471615
I read action number: 6 Of type: 0 By user_id: 9637 time: 1678471615
I read action number: 1 Of type: 2 By user_id: 9637 time: 1678471615
I read action number: 3 Of type: 2 By user_id: 9637 time: 1678471615
I read action number: 10 Of type: 0 By user_id: 9637 time: 1678471615
I read action number: 2 Of type: 0 By user_id: 9637 time: 1678471615
I read action number: 6 Of type: 2 By user_id: 9637 time: 1678471615
I read action number: 4 Of type: 2 By user_id: 9637 time: 1678471615
I read action number: 7 Of type: 2 By user_id: 9637 time: 1678471615
I read action number: 11 Of type: 2 By user_id: 9637 time: 1678471615
I read action number: 3 Of type: 0 By user_id: 9637 time: 1678471615
I read action number: 14 Of type: 1 By user_id: 9637 time: 1678471615

I am reading the feed queue of the user_id:   3873 and
I read action number: 5 Of type: 2 By user_id: 1903 time: 1678471615
I read action number: 5 Of type: 1 By user_id: 1903 time: 1678471615
I read action number: 10 Of type: 1 By user_id: 1903 time: 1678471615
I read action number: 6 Of type: 2 By user_id: 1903 time: 1678471I am reading the feed queue of the user_id:   14318 and
I read action number: 3 Of type: 0 By user_id: 37248 time: 1678471615
I read action number: 9 Of type: 1 By user_id: 37248 time: 1678471615

I am reading the feed queue of the user_id:   36652 and
I read action number: 7 Of type: 1 By user_id: 37248 time: 1678471615

d: 1903 time: 1678471615
I read action number: 4 Of type: 1 By user_id: 1903 time: 1678471615
I read action number: 3 Of type: 0 By user_id: 1903 time: 1678471615
I read action number: 6 Of type: 1 By user_id: 1903 time: 1678471615
I read action number: 1 Of type: 1 By user_id: 1903 time: 1678471615
I read action number: 8 Of type: 1 By user_id: 1903 time: 1678471615
I read action number: 9 Of type: 1 By user_id: 1903 time: 1678471615
I read action number: 4 Of type: 0 By user_id: 1903 time: 1678471615
I read action number: 7 Of type: 2 By user_id: 1903 time: 1678471615

I am reading the feed queue of the user_id:   36652 and

I am reading the feed queue of the user_id:   34390 and
I read action number: 11 Of type: 1 By user_id: 37248 time: 1678471615
I read action number: 2 Of type: 2 By user_id: 37248 time: 1678471615
I read action number: 10 Of type: 0 By user_id: 37248 time: 1678471615
I read action number: 4 Of type: 2 By user_id: 37248 time: 1678471615

I am reading the feed queue of the user_id:   34349 and
I read action number: 12 Of type: 1 By user_id: 37248 time: 1678471615
I read action number: 3 Of type: 0 By user_id: 37248 time: 1678471615
I read action number: 9 Of type: 2 By user_id: 37248 time: 1678471615
I read action number: 1 Of type: 2 By user_id: 37248 time: 1678471615
I read action number: 10 Of type: 2 By user_id: 37248 time: 1678471615
I read action number: 10 Of type: 0 By user_id: 37248 time: 1678471615
I read action number: 2 Of type: 2 By user_id: 37248 time: 1678471615
I read action number: 6 Of type: 1 By user_id: 37248 time: 1678471615
I read action number: 11 Of type: 1 By user_id: 37248 time: 1678471615
I read action number: 1 Of type: 1 By user_id: 37248 time: 1678471615
I read action number: 2 Of type: 1 By user_id: 37248 time: 1678471615
I read action number: 9 Of type: 1 By user_id: 37248 time: 1678471615
I read action number: 4 Of type: 2 By user_id: 37248 time: 1678471615
I read action number: 5 Of type: 2 By user_id: 37248 time: 1678471615
I read action number: 10 Of type: 1 By user_id: 37248 time: 1678471615
I read action number: 7 Of type: 1 By user_id: 37248 time: 1678471615
I read action number: 2 Of type: 0 By user_id: 37248 time: 1678471615
I read action number: 6 Of type: 0 By user_id: 37248 time: 1678471615

ad action number: 10 Of type: 1 By user_id: 37248 time: 1678471615

I am reading the feed queue of the user_id:   22233 and

eading the feed queue of the user_id:   36652 and

3 time: 1678471615
I read action number: 5 Of type: 1 By user_id: 2773 time: 1678471615
I read action number: 2 Of type: 1 By user_id: 2773 time: 1678471615
I read action number: 3 Of type: 1 By user_id: 2773 time: 1678471615

I am reading the feed queue of the user_id:   2073 and
I read action number: 6 Of type: 2 By user_id: 2773 time: 1678471615
I read action number: 11 Of type: 0 By user_id: 2773 time: 1678471615
I read action number: 10 Of type: 0 By user_id: 2773 time: 1678471615
I read action number: 9 Of type: 2 By user_id: 2773 time: 1678471615
I read action number: 3 Of type: 1 By user_id: 2773 time: 1678471615
I read action number: 9 Of type: 0 By user_id: 2773 time: 1678471615
I read action number: 1 Of type: 2 By user_id: 2773 time: 1678471615
I read action number: 5 Of type: 2 By user_id: 2773 time: 1678471615

I am reading the feed queue of the user_id:   36652 and
I read action number: 4 Of type: 2 By user_id: 37248 time: 1678471615
I read action number: 5 Of type: 2 By user_id: 37248 time: 1678471615
I read action number: 10 Of type: 1 By user_id: 37248 time: 1678471615
I read action number: 7 Of type: 1 By user_id: 37248 time: 1678471615
I read action number: 2 Of type: 0 By user_id: 37248 time: 1678471615

r_id: 3316 time: 1678470349
I read action number: 5 Of type: 2 By user_id: 3316 time: 1678470349

d action number: 0 Of type: 0 By user_id: 0 time: 0
I read action number: 0 Of type: 0 By user_id: 0 time: 0
I read action number: 0 Of type: 0 By user_id: 0 time: 0
I read action number: 0 Of type: 0 By user_id: 0 time: 0
I read action number: 0 Of type: 0 By user_id: 0 time: 0
I read action number: 0 Of type: 0 By user_id: 0 time: 0
I read action number: 0 Of type: 0 By user_id: 0 time: 0
I read action number: 0 Of type: 0 By user_id: 0 time: 0
I read action number: 0 Of type: 0 By user_id: 0 time: 0
I read action number: 0 Of type: 0 By user_id: 0 time: 0
I read action number: 0 Of type: 0 By user_id: 0 time: 0
I read action number: 0 Of type: 0 By user_id: 0 time: 0
I read action number: 0 Of type: 0 By user_id: 0 time: 0
I read action number: 0 Of type: 0 By user_id: 0 time: 0

 1316 time: 1678470349
I read action number: 10 Of type: 2 By user_id: 1316 time: 1678470349
I read action number: 19 Of type: 0 By user_id: 1316 time: 1678470349
I read action number: 18 Of type: 0 By user_id: 1316 time: 1678470349
I read action number: 17 Of type: 0 By user_id: 1316 time: 1678470349
I read action number: 8 Of type: 1 By user_id: 1316 time: 1678470349
I read action number: 7 Of type: 2 By user_id: 1316 time: 1678470349
I read action number: 16 Of type: 0 By user_id: 1316 time: 1678470349
I read action number: 15 Of type: 0 By user_id: 1316 time: 1678470349
I read action number: 1 Of type: 1 By user_id: 1316 time: 1678470349
I read action number: 6 Of type: 1 By user_id: 1316 time: 1678470349

I am reading the feed queue of the user_id:   26208 and
I read action number: 1 Of type: 0 By user_id: 14592 time: 1678470349
I read action number: 6 Of type: 1 By user_id: 14592 time: 1678470349
I read action number: 4 Of type: 0 By user_id: 14592 time: 1678470349
I read action number: 2 Of type: 1 By user_id: 14592 time: 1678470349

r: 0 Of type: 0 By user_id: 0 time: 0

I am reading the feed queue of the user_id:   20685 and

I am reading the feed queue of the user_id:   20685 and
I read action number: 0 Of type: 0 By user_id: 0 time: 0

I am reading the feed queue of the user_id:   34426 and
I read action number: 0 Of type: 0 By user_id: 0 time: 0
I read action number: 0 Of type: 0 By user_id: 0 time: 0
I read action number: 0 Of type: 0 By user_id: 0 time: 0
I read action number: 0 Of type: 0 By user_id: 0 time: 0
I read action number: 0 Of type: 0 By user_id: 0 time: 0

ad action number: 0 Of type: 1 By user_id: 4447 time: 1678470286
I read action number: 0 Of type: 0 By user_id: 4447 time: 1678470286
I read action number: 0 Of type: 2 By user_id: 4447 time: 1678470286

I am reading the feed queue of the user_id:   24678 and
I read action number: 0 Of type: 0 By user_id: 4447 time: 1678470286

I am reading the feed queue of the user_id:   25692 and
I read action number: 0 Of type: 2 By user_id: 3033 time: 1678470286

I am reading the feed queue of the user_id:   5920 and
I read action number: 0 Of type: 2 By user_id: 22113 time: 1678470286

I am reading the feed queue of the user_id:   23818 and
I read action number: 0 Of type: 0 By user_id: 34642 time: 1678470286
I read action number: 0 Of type: 2 By user_id: 34642 time: 1678470286
I read action number: 0 Of type: 0 By user_id: 34642 time: 1678470286

I am reading the feed queue of the user_id:   36920 and
I read action number: 0 Of type: 0 By user_id: 0 time: 0
I read action number: 0 Of type: 0 By user_id: 0 time: 0
I read action number: 0 Of type: 0 By user_id: 0 time: 0
I read action number: 0 Of type: 0 By user_id: 0 time: 0
I read action number: 0 Of type: 0 By user_id: 0 time: 0
I read action number: 0 Of type: 0 By user_id: 0 time: 0

I am reading the feed queue of the user_id:   36920 and
I read action number: 0 Of type: 0 By user_id: 0 time: 0

I am reading the feed queue of the user_id:   34116 and
I read action number: 0 Of type: 0 By user_id: 22888 time: 1678470286
I read action number: 0 Of type: 1 By user_id: 22888 time: 1678470286
I read action number: 0 Of type: 2 By user_id: 22888 time: 1678470286
I read action number: 0 Of type: 0 By user_id: 22888 time: 1678470286
I read action number: 0 Of type: 1 By user_id: 22888 time: 1678470286
I read action number: 0 Of type: 2 By user_id: 22888 time: 1678470286
I read action number: 0 Of type: 0 By user_id: 0 time: 0

I am reading the feed queue of the user_id:   3072 and
I read action number: 0 Of type: 0 By user_id: 0 time: 0
I read action number: 0 Of type: 0 By user_id: 0 time: 0
I read action number: 0 Of type: 0 By user_id: 0 time: 0
I read action number: 0 Of type: 0 By user_id: 0 time: 0
I read action number: 0 Of type: 0 By user_id: 0 time: 0
I read action number: 0 Of type: 0 By user_id: 0 time: 0
I read action number: 0 Of type: 0 By user_id: 0 time: 0

 user_id: 0 time: 0
I read action number: 0 Of type: 0 By user_id: 0 time: 0
I read action number: 0 Of type: 0 By user_id: 0 time: 0
I read action number: 0 Of type: 0 By user_id: 0 time: 0
I read action number: 0 Of type: 0 By user_id: 0 time: 0
I read action number: 0 Of type: 0 By user_id: 0 time: 0

I am reading the feed queue of the user_id:   20685 and
I read action number: 0 Of type: 0 By user_id: 11290 time: 1678470286
I read action number: 0 Of type: 1 By user_id: 11290 time: 1678470286
I read action number: 0 Of type: 1 By user_id: 11290 time: 1678470286
I read action number: 0 Of type: 0 By user_id: 11290 time: 1678470286
I read action number: 0 Of type: 2 By user_id: 11290 time: 1678470286

ead action number: 0 Of type: 0 By user_id: 0 time: 0
I read action number: 0 Of type: 0 By user_id: 0 time: 0
I read action number: 0 Of type: 0 By user_id: 0 time: 0
I read action number: 0 Of type: 0 By user_id: 0 time: 0
I read action number: 0 Of type: 0 By user_id: 0 time: 0
I read action number: 0 Of type: 0 By user_id: 0 time: 0
I read action number: 0 Of type: 0 By user_id: 0 time: 0
I read action number: 0 Of type: 0 By user_id: 0 time: 0
I read action number: 0 Of type: 0 By user_id: 0 time: 0

I am reading the feed queue of the user_id:   23066 and
I read action number: 0 Of type: 0 By user_id: 0 time: 0
I read action number: 0 Of type: 0 By user_id: 0 time: 0

I am reading the feed queue of the user_id:   22938 and
I read action number: 0 Of type: 0 By user_id: 0 time: 0
I read action number: 0 Of type: 0 By user_id: 0 time: 0
I read action number: 0 Of type: 0 By user_id: 0 time: 0

I am reading the feed queue of the user_id:   20063 and
I read action number: 0 Of type: 2 By user_id: 22888 time: 1678470286
I read action number: 0 Of type: 2 By user_id: 22888 time: 1678470286
I read action number: 0 Of type: 0 By user_id: 22888 time: 1678470286
I read action number: 0 Of type: 1 By user_id: 22888 time: 1678470286
I read action number: 0 Of type: 2 By user_id: 22888 time: 1678470286
I read action number: 0 Of type: 2 By user_id: 22888 time: 1678470286
I read action number: 0 Of type: 0 By user_id: 22888 time: 1678470286
I read action number: 0 Of type: 0 By user_id: 22888 time: 1678470286
I read action number: 0 Of type: 1 By user_id: 22888 time: 1678470286
I read action number: 0 Of type: 0 By user_id: 22888 time: 1678470286
I read action number: 0 Of type: 2 By user_id: 22888 time: 1678470286
I read action number: 0 Of type: 0 By user_id: 22888 time: 1678470286
I read action number: 0 Of type: 2 By user_id: 22888 time: 1678470286
I read action number: 0 Of type: 0 By user_id: 22888 time: 1678470286
I read action number: 0 Of type: 0 By user_id: 22888 time: 1678470286
I read action number: 0 Of type: 0 By user_id: 0 time: 0

I am reading the feed queue of the user_id:   3712 and
I read action number: 0 Of type: 0 By user_id: 11290 time: 1678470286
I read action number: 0 Of type: 2 By user_id: 11290 time: 1678470286
I read action number: 0 Of type: 1 By user_id: 11290 time: 1678470286
I read action number: 0 Of type: 0 By user_id: 11290 time: 1678470286
I read action number: 0 Of type: 1 By user_id: 11290 time: 1678470286
I read action number: 0 Of type: 1 By user_id: 11290 time: 1678470286
I read action number: 0 Of type: 1 By user_id: 11290 time: 1678470286
I read action number: 0 Of type: 2 By user_id: 11290 time: 1678470286
I read action number: 0 Of type: 2 By user_id: 11290 time: 1678470286
I read action number: 0 Of type: 1 By user_id: 11290 time: 1678470286
I read action number: 0 Of type: 1 By user_id: 11290 time: 1678470286
I read action number: 0 Of type: 0 By user_id: 11290 time: 1678470286
I read action number: 0 Of type: 0 By user_id: 11290 time: 1678470286
I read action number: 0 Of type: 0 By user_id: 11290 time: 1678470286
I read action number: 0 Of type: 2 By user_id: 11290 time: 1678470286
I read action number: 0 Of type: 0 By user_id: 11290 time: 1678470286
I read action number: 0 Of type: 1 By user_id: 11290 time: 1678470286
I read action number: 0 Of type: 2 By user_id: 11290 time: 1678470286
I read action number: 0 Of type: 1 By user_id: 11290 time: 1678470286
I read action number: 0 Of type: 1 By user_id: 11290 time: 1678470286
I read action number: 0 Of type: 0 By user_id: 11290 time: 1678470286
I read action number: 0 Of type: 1 By user_id: 11290 time: 1678470286
I read action number: 0 Of type: 0 By user_id: 11290 time: 1678470286
I read action number: 0 Of type: 1 By user_id: 11290 time: 1678470286
I read action number: 0 Of type: 1 By user_id: 11290 time: 1678470286
I read action number: 0 Of type: 0 By user_id: 11290 time: 1678470286
I read action number: 0 Of type: 0 By user_id: 11290 time: 1678470286
I read action number: 0 Of type: 1 By user_id: 11290 time: 1678470286
I read action number: 0 Of type: 2 By user_id: 11290 time: 1678470286
I read action number: 0 Of type: 1 By user_id: 11290 time: 1678470286

I am reading the feed queue of the user_id:   3712 and
I read action number: 0 Of type: 0 By user_id: 11290 time: 1678470286
I read action number: 0 Of type: 2 By user_id: 11290 time: 1678470286
I read action number: 0 Of type: 0 By user_id: 11290 time: 1678470286
I read action number: 0 Of type: 1 By user_id: 11290 time: 1678470286

I am reading the feed queue of the user_id:   22690 and
I read action number: 0 Of type: 0 By user_id: 0 time: 0
I read action number: 0 Of type: 0 By user_id: 0 time: 0
I read action number: 0 Of type: 0 By user_id: 0 time: 0
I read action number: 0 Of type: 0 By user_id: 0 time: 0
I read action number: 0 Of type: 0 By user_id: 0 time: 0
I read action number: 0 Of type: 0 By user_id: 0 time: 0
I read action number: 0 Of type: 0 By user_id: 0 time: 0
I read action number: 0 Of type: 0 By user_id: 0 time: 0
I read action number: 0 Of type: 0 By user_id: 0 time: 0
I read action number: 0 Of type: 0 BI am reading the feed queue of the user_id:   34402 and
I read action number: 0 Of type: 2 By user_id: 31105 time: 1678470286
I read actI am reading the feed queue of the user_id:   26236 and
I read action number: 0 Of type: 0 By user_id: 0 time: 0
I read action number: 0 Of type: 0 By user_id: 0 time: 0
I read action number: 0 Of type: 0 By user_id: 0 time: 0
I read action number: 0 Of type: 0 By user_id: 0 time: 0
I read action number: 0 Of type: 0 By user_id: 0 time: 0
I read action number: 0 Of type: 0 By user_id: 0 time: 0

type: 0 By uI am reading the feed queue of the user_id:   20685 and
I read action number: 0 Of type: 1 By user_id: 11290 time: 1678470286
I read action number: 0 Of type: 1 By user_id: 11290 time: 1678470286
I read action number: 0 Of type: 0 By user_id: 0 time: 0

I am reading the feed queue of the user_id:   30564 and
I read action number: 0 Of type: 1 By user_id: 31105 time: 1678470286

d action number: 0 Of type: 1 By user_id: 11290 time: 1678470286
I read action number: 0 Of type: 0 By user_id: 11290 time: 1678470286
I read action number: 0 Of type: 0 By user_id: 11290 time: 1678470286
I read action number: 0 Of type: 1 By user_id: 11290 time: 1678470286
I read action number: 0 Of type: 0 By user_id: 11290 time: 1678470286
I read action number: 0 Of type: 1 By user_id: 11290 time: 16784702I am reading the feed queue of the user_id:   20685 and
I read action number: 0 Of type: 2 By user_id: 11290 time: 1678470286
I read action number: 0 Of type: 1 By user_id: 11290 time: 1678470286
I read action number: 0 Of type: 1 By user_id: 11290 time: 1678470286
I read action number: 0 Of type: 2 By user_id: 11290 time: 1678470286
I read action number: 0 Of type: 0 By user_id: 11290 time: 1678470286
I read action number: 0 Of type: 0 By user_id: 0 time: 0

I am reading the feed queue of the user_id:   22442 and
I read action number: 0 Of type: 0 By user_id: 0 time: 0
I read action number: 0 Of type: 0 By user_id: 0 time: 0
I read action number: 0 Of type: 0 By user_id: 0 time: 0
I read action number: 0 Of type: 0 By user_id: 0 time: 0
I read action number: 0 Of type: 0 By user_id: 0 time: 0
I read action number: 0 Of type: 0 By user_id: 0 time: 0
I read action number: 0 Of type: 0 By user_id: 0 time: 0
I read action number: 0 Of type: 0 By user_id: 0 time: 0

ad action number: 0 Of type: 0 By user_id: 0 time: 0
I read action number: 0 Of type: 0 By user_id: 0 time: 0
I read action number: 0 Of type: 0 By user_id: 0 time: 0
I read action number: 0 Of type: 0 By user_id: 0 time: 0
I read action number: 0 Of type: 0 By user_id: 0 time: 0
I read action number: 0 Of type: 0 By user_id: 0 time: 0
I read action number: 0 Of type: 0 By user_id: 0 time: 0
I read action number: 0 Of type: 0 By user_id: 0 time: 0
I read action number: 0 Of type: 0 By user_id: 0 time: 0
I read action number: 0 Of type: 0 By user_id: 0 time: 0
I read action number: 0 Of type: 0 By user_id: 0 time: 0
I read action number: 0 Of type: 0 By user_id: 0 time: 0

I am reading the feed queue of the user_id:   22690 and
I read action number: 0 Of type: 0 By user_id: 0 time: 0
I read action number: 0 Of type: 0 By user_id: 0 time: 0
I read action number: 0 Of type: 0 By user_id: 0 time: 0
I read action number: 0 Of type: 0 By user_id: 0 time: 0
I read action number: 0 Of type: 0 By user_id: 0 time: 0
I read action number: 0 Of type: 0 By user_id: 0 time: 0
I read action number: 0 Of type: 0 By user_id: 0 time: 0
I read action number: 0 Of type: 0 By user_id: 0 time: 0
I read action number: 0 Of type: 2 By user_id: 35328 time: 1678470286

I am reading the feed queue of the user_id:   27031 and
I read action number: 0 Of type: 2 By user_id: 31105 time: 1678470286
I read action number: 0 Of type: 2 By user_id: 31105 time: 1678470286
I read action number: 0 Of type: 1 By user_id: 31105 time: 1678470286
I read action number: 0 Of type: 1 By user_id: 31105 time: 1678470286
I read action number: 0 Of type: 2 By user_id: 31105 time: 1678470286

r: 0 Of type: 0 By user_id: 4447 time: 1678470286
I read action number: 0 Of type: 1 By user_id: 4447 time: 1678470286
I read action number: 0 Of type: 1 By user_id: 4447 time: 1678470286
I read action number: 0 Of type: 0 By user_id: 4447 time: 1678470286

I am reading the feed queue of the user_id:   10237 and
I read action number: 0 Of type: 0 By user_id: 0 time: 0
I read action number: 0 Of type: 0 By user_id: 0 time: 0
I read action number: 0 Of type: 0 By user_id: 0 time: 0
I read action number: 0 Of type: 0 By user_id: 0 time: 0
I read action number: 0 Of type: 0 By user_id: 0 time: 0
I read action number: 0 Of type: 0 By user_id: 0 time: 0
I read action number: 0 Of type: 0 By user_id: 0 time: 0
I read action number: 0 Of type: 0 By user_id: 0 time: 0
I read action number: 0 Of type: 0 By user_id: 0 time: 0
I read action number: 0 Of type: 0 By user_id: 0 time: 0
I read action number: 0 Of type: 0 By user_id: 0 time: 0

I am reading the feed queue of the user_id:   12456 and

I am reading the feed queue of the user_id:   5920 and
I read action number: 0 Of type: 0 By user_id: 0 time: 0

I am reading the feed queue of the user_id:   12456 and
I read action number: 0 Of type: 0 By user_id: 0 time: 0

I am reading the feed queue of the user_id:   1607 and
I read action number: 0 Of type: 1 By user_id: 6805 time: 1678470286
I read action number: 0 Of type: 0 By user_id: 6805 time: 1678470286
I read action number: 0 Of type: 0 By user_id: 6805 time: 1678470286
I read action number: 0 Of type: 0 By user_id: 6805 time: 1678470286

I am reading the feed queue of the user_id:   7123 and
I read action number: 0 Of type: 0 By user_id: 6805 time: 1678470286

I am reading the feed queue of the user_id:   23066 and
I read action number: 0 Of type: 0 By user_id: 0 time: 0

I am reading the feed queue of the user_id:   22938 and
I read action number: 0 Of type: 0 By user_id: 0 time: 0
I read action number: 0 Of type: 0 By user_id: 0 time: 0
I read action number: 0 Of type: 0 By user_id: 0 time: 0
I read action number: 0 Of type: 0 By user_id: 0 time: 0

I am reading the feed queue of the user_id:   20685 and
I read action number: 0 Of type: 0 By user_id: 0 time: 0

2914 time: 1678470153

I am reading the feed queue of the user_id:   35060 and
I read action number: 0 Of type: 0 By user_id: 22914 time: 1678470153
I read action number: 0 Of type: 2 By user_id: 22914 time: 1678470153
I read action number: 0 Of type: 0 By user_id: 22914 time: 1678470153

ction number: 0 Of type: 0 By user_id: 0 time: 0
I read action number: 0 Of type: 0 By user_id: 0 time: 0
I read action number: 0 Of type: 0 By user_id: 0 time: 0
I read action number: 0 Of type: 0 By user_id: 0 time: 0
I read action number: 0 Of type: 0 By user_id: 0 time: 0
I read action number: 0 Of type: 0 By user_id: 0 time: 0
I read action number: 0 Of type: 0 By user_id: 0 time: 0
I read action number: 0 Of type: 0 By user_id: 0 time: 0
I read action number: 0 Of type: 0 By user_id: 0 time: 0
I read action number: 0 Of type: 0 By user_id: 0 time: 0

I am reading the feed queue of the user_id:   23206 and
I read action number: 0 Of type: 0 By user_id: 0 time: 0
I read action number: 0 Of type: 0 By user_id: 0 time: 0

I am reading the feed queue of the user_id:   20442 and
I read action number: 0 Of type: 1 By user_id: 12867 time: 1678470153

I am reading the feed queue of the user_id:   17010 and
I read action number: 0 Of type: 1 By user_id: 12867 time: 1678470153
I read action number: 0 Of type: 0 By user_id: 12867 time: 1678470153
I read action number: 0 Of type: 0 By user_id: 12867 time: 1678470153
I read action number: 0 Of type: 1 By user_id: 12867 time: 1678470153

I am reading the feed queue of the user_id:   36819 and
I read action number: 0 Of type: 0 By user_id: 12867 time: 1678470153
I read action number: 0 Of type: 0 By user_id: 0 time: 0
I read action number: 0 Of type: 0 By user_id: 12867 time: 1678470153
I read action number: 0 Of type: 0 By user_id: 0 time: 0
I read action number: 0 Of type: 2 By user_id: 12867 time: 1678470153
I read action number: 0 Of type: 0 By user_id: 0 time: 0
I read action number: 0 Of type: 0 By user_id: 0 time: 0
I read action number: 0 Of type: 0 By user_id: 0 time: 0
I read action number: 0 Of type: 0 By user_id: 0 time: 0
I read action number: 0 Of type: 0 By user_id: 0 time: 0
I read action number: 0 Of type: 0 By user_id: 0 time: 0
I read action number: 0 Of type: 0 By user_id: 0 time: 0
I read action number: 0 Of type: 0 By user_id: 0 time: 0
I read action number: 0 Of type: 0 By user_id: 0 time: 0
I read action number: 0 Of type: 0 By user_id: 0 time: 0
I read action number: 0 Of type: 2 By user_id: 12867 time: 1678470153

I am reading the feed queue of the user_id:   15074 and
I read action number: 0 Of type: 2 By user_id: 10682 time: 1678470153
I read action number: 0 Of type: 0 By user_id: 10682 time: 1678470153

I am reading the feed queue of the user_id:   23491 and
I read action number: 0 Of type: 0 By user_id: 0 time: 0
I read action number: 0 Of type: 0 By user_id: 0 time: 0
I read action number: 0 Of type: 0 By user_id: 0 time: 0
I read action number: 0 Of type: 0 By user_id: 0 time: 0
I read action number: 0 Of type: 0 By user_id: 0 time: 0
I read action number: 0 Of type: 0 By user_id: 0 time: 0
I read action number: 0 Of type: 0 By user_id: 0 time: 0
I read action number: 0 Of type: 0 By user_id: 0 time: 0
I read action number: 0 Of type: 0 By user_id: 0 time: 0
I read action number: 0 Of type: 0 By user_id: 0 time: 0
I read action number: 0 Of type: 0 By user_id: 0 time: 0
I read action number: 0 Of type: 2 By user_id: 10682 time: 1678470153
I read action number: 0 Of type: 0 By user_id: 10682 time: 1678470153
I read action number: 0 Of type: 0 By user_id: 10682 time: 1678470153

I am reading the feed queue of the user_id:   1126 and
I read action number: 0 Of type: 0 By user_id: 0 time: 0
I read action number: 0 Of type: 0 By user_id: 0 time: 0
I read action number: 0 Of type: 0 By user_id: 0 time: 0
I read action number: 0 Of type: 0 By user_id: 0 time: 0
I read action number: 0 Of type: 0 By user_id: 0 time: 0
I read action number: 0 Of type: 0 By user_id: 0 time: 0
I read action number: 0 Of type: 0 By user_id: 0 time: 0
I read action number: 0 Of type: 0 By user_id: 0 time: 0
I read action number: 0 Of type: 0 By user_id: 0 time: 0
I read action number: 0 Of type: 0 By user_id: 0 time: 0
I read action number: 0 Of type: 0 By user_id: 0 time: 0
I read action number: 0 Of type: 0 By user_id: 0 time: 0
I read action number: 0 Of type: 0 By user_id: 0 time: 0
I read action number: 0 Of type: 0 By user_id: 0 time: 0
I read action number: 0 Of type: 0 By user_id: 0 time: 0
I read action number: 0 Of type: 0 By user_id: 0 time: 0
I read action number: 0 Of type: 0 By user_id: 0 time: 0
I read action number: 0 Of type: 0 By user_id: 0 time: 0
I read action number: 0 Of type: 0 By user_id: 0 time: 0
I read action number: 0 Of type: 0 By user_id: 0 time: 0
I read action number: 0 Of type: 0 By user_id: 0 time: 0
I read action number: 0 Of type: 0 By user_id: 0 time: 0
I read action number: 0 Of type: 0 By user_id: 0 time: 0
I read action number: 0 Of type: 0 By user_id: 0 time: 0
I read action number: 0 Of type: 0 By user_id: 0 time: 0
I read action number: 0 Of type: 0 By user_id: 0 time: 0
I read action number: 0 Of type: 0 By user_id: 0 time: 0
I read action number: 0 Of type: 0 By user_id: 0 time: 0

I am reading the feed queue of the user_id:   35060 and
I read action number: 0 Of type: 0 By user_id: 22914 time: 1678470153
I read action number: 0 Of type: 1 By user_id: 22914 time: 1678470153
I read action number: 0 Of type: 0 By user_id: 22914 time: 1678470153
I read action number: 0 Of type: 0 By user_id: 22914 time: 1678470153
I read action number: 0 Of type: 0 By user_id: 22914 time: 1678470153
I read action number: 0 Of type: 1 By user_id: 22914 time: 1678470153
I read action number: 0 Of type: 2 By user_id: 22914 time: 1678470153
I read action number: 0 Of type: 0 By user_id: 22914 time: 1678470153

I am reading the feed queue of the user_id:   33453 and
I read action number: 0 Of type: 0 By user_id: 0 time: 0
I read action number: 0 Of type: 0 By user_id: 0 time: 0
I read action number: 0 Of type: 0 By user_id: 0 time: 0
I read action number: 0 Of type: 0 By user_id: 0 time: 0
I read action number: 0 Of type: 0 By user_id: 0 time: 0
I read action number: 0 Of type: 0 By user_id: 0 time: 0
I read action number: 0 Of type: 0 By user_id: 0 time: 0
I read action number: 0 Of type: 0 By user_id: 0 time: 0
I read action number: 0 Of type: 0 By user_id: 0 time: 0
I read action number: 0 Of type: 0 By user_id: 0 time: 0

I am reading the feed queue of the user_id:   35060 and
I read action number: 0 Of type: 2 By user_id: 22914 time: 1678470153

I am reading the feed queue of the user_id:   35060 and
I read action number: 0 Of type: 0 By user_id: 22914 time: 1678470153
I read action number: 0 Of type: 1 By user_id: 22914 time: 1678470153
I read action number: 0 Of type: 0 By user_id: 22914 time: 1678470153
I read action number: 0 Of type: 0 By user_id: 22914 time: 1678470153
I read action number: 0 Of type: 1 By user_id: 22914 time: 1678470153
I read action number: 0 Of type: 0 By user_id: 22914 time: 1678470153

I am reading the feed queue of the user_id:   35060 and
I read action number: 0 Of type: 0 By user_id: 22914 time: 1678470153
I read action number: 0 Of type: 0 By user_id: 22914 time: 1678470153

and
I read action number: 0 Of type: 0 By user_id: 0 time: 0
I read action number: 0 Of type: 0 By user_id: 0 time: 0
I read action number: 0 Of type: 0 By user_id: 0 time: 0
I read action number: 0 Of type: 0 By user_id: 0 time: 0
I read action number: 0 Of type: 0 By user_id: 0 time: 0
I read action number: 0 Of type: 0 By user_id: 0 time: 0
I read action number: 0 Of type: 0 By user_id: 0 time: 0
I read action number: 0 Of type: 0 By user_id: 0 time: 0

I am reading the feed queue of the user_id:   4067 and
I read action number: 0 Of type: 0 By user_id: 0 time: 0

I am reading the feed queue of the user_id:   18378 and
I read action number: 0 Of type: 0 By user_id: 0 time: 0

I am reading the feed queue of the user_id:   4067 and
I read action number: 0 Of type: 0 By user_id: 0 time: 0

I am reading the feed queue of the user_id:   182 and

I am reading the feed queue of the user_id:   182 and

I am reading the feed queue of the user_id:   18186 and
I read action number: 0 Of type: 0 By user_id: 0 time: 0
I read action number: 0 Of type: 0 By user_id: 0 time: 0
I read action number: 0 Of type: 0 By user_id: 0 time: 0
I read action number: 0 Of type: 0 By user_id: 0 time: 0
I read action number: 0 Of type: 0 By user_id: 0 time: 0
I read action number: 0 Of type: 0 By user_id: 0 time: 0

I am reading the feed queue of the user_id:   18186 and
I read action number: 0 Of type: 0 By user_id: 0 time: 0
I read action number: 0 Of type: 0 By user_id: 0 time: 0

 1 By user_id: 7276 time: 1678468899
I read action number: 9 Of type: 0 By user_id: 7276 time: 1678468899
I read action number: 6 Of type: 1 By user_id: 7276 time: 1678468899
I read action number: 7 Of type: 2 By user_id: 7276 time: 1678468899
I read action number: 6 Of type: 2 By user_id: 7276 time: 1678468899
I read action number: 1 Of type: 2 By user_id: 7276 time: 1678468899

me: 0
I read action number: 0 Of type: 0 By user_id: 0 time: 0
I read action number: 8 Of type: 2 By user_id: 7276 time: 1678468899

tion number: 0 Of type: 0 By user_id: 0 time: 0
I read action number: 0 Of type: 0 By user_id: 0 time: 0
I read action number: 0 Of type: 0 By user_id: 0 time: 0
I read action number: 0 Of type: 0 By user_id: 0 time: 0
I read action number: 0 Of type: 0 By user_id: 0 time: 0
I read action number: 0 Of type: 0 By user_id: 0 time: 0
I read action number: 0 Of type: 0 By user_id: 0 time: 0

I am reading the feed queue of the user_id:   10969 and
I read action number: 1 Of type: 2 By user_id: 24283 time: 1678468899
I read action number: 1 Of type: 0 By user_id: 24283 time: 1678468899
I read action number: 9 Of type: 2 By user_id: 24283 time: 1678468899
I read action number: 6 Of type: 0 By user_id: 24283 time: 1678468899
I read action number: 0 Of type: 2 By user_id: 24283 time: 1678468899
I read action number: 4 Of type: 0 By user_id: 24283 time: 1678468899
I read action number: 3 Of type: 1 By userI am reading the feed queue of the user_id:   12894 and
I read action number: 9 Of type: 2 By user_id: 24283 time: 1678468899
I read action number: 6 Of type: 0 By user_id: 24283 time: 1678468899

I am reading the feed queue of the user_id:   17854 and
I read action number: 0 Of type: 0 By user_id: 0 time: 0
I read action number: 0 Of type: 0 By user_id: 0 time: 0
I read action number: 0 Of type: 0 By user_id: 0 time: 0

I am reading the feed queue of the user_id:   29011 and
I read action number: 0 Of type: 0 By user_id: 0 time: 0

I am reading the feed queue of the user_id:   29011 and
I read action number: 0 Of type: 0 By user_id: 0 time: 0
I read action number: 0 Of type: 0 By user_id: 0 time: 0
I read action number: 0 Of type: 0 By user_id: 0 time: 0
I read action number: 0 Of type: 0 By user_id: 0 time: 0
I read action number: 0 Of type: 0 By user_id:I am reading the feed queue of the user_id:   24225 and
I read action number: 14 Of type: 0 By user_id: 24283 time: 1678468899
I read action number: 18 Of type: 2 By user_id: 24283 time: 1678468899
I read action number: 16 Of type: 1 By user_id: 24283 time: 1678468899
I read action number: 17 Of type: 1 By user_id: 24283 time: 1678468899
I read action number: 0 Of type: 2 By user_id: 24283 time: 1678468899
I read action number: 1 Of type: 1 By user_id: 24283 time: 1678468899
I read action number: 12 Of type: 0 By user_id: 24283 time: 1678468899
I read action number: 10 Of type: 1 By user_id: 24283 time: 1678468899
I read action number: 5 Of type: 0 By user_id: 24283 time: 1678468899
I read action number: 6 Of type: 0 By user_id: 24283 time: 1678468899
I read action number: 4 Of type: 0 By user_id: 24283 time: 1678468899
I read action number: 1 Of type: 0 By user_id: 24283 time: 1678468899
I read action number: 3 Of type: 1 By user_id: 24283 time: 1678468899
I read action number: 2 Of type: 0 By user_id: 24283 time: 1678468899
I read action number: 7 Of type: 0 By user_id: 24283 time: 1678468899
I read action number: 8 Of type: 2 By user_id: 24283 time: 1678468899
I read action number: 7 Of type: 2 By user_id: 24283 time: 1678468899
I read action number: 4 Of type: 2 By user_id: 24283 time: 1678468899
I read action number: 4 Of type: 1 By user_id: 24283 time: 1678468899
I read action number: 3 Of type: 0 By user_id: 24283 time: 1678468899
I read action number: 2 Of type: 1 By user_id: 24283 time: 1678468899
I read action number: 9 Of type: 1 By user_id: 24283 time: 1678468899
I read action number: 2 Of type: 2 By user_id: 24283 time: 1678468899
I read action number: 8 Of type: 0 By user_id: 24283 time: 1678468899
I read action number: 11 Of type: 2 By user_id: 24283 time: 1678468899
I read action number: 8 Of type: 1 By user_id: 24283 time: 1678468899
I read action number: 5 Of type: 1 By user_id: 24283 time: 1678468899
I read action number: 9 Of type: 2 By user_id: 24283 time: 1678468899
I read action number: 6 Of type: 2 By user_id: 24283 time: 1678468899
I read action number: 0 Of type: 0 By user_id: 24283 time: 1678468899

I am reading the feed queue of the user_id:   28709 and
I read action number: 6 Of type: 0 By user_id: 26589 time: 1678468899
I read action number: 4 Of type: 2 By user_id: 26589 time: 1678468899
I read action number: 3 Of type: 1 By user_id: 26589 time: 1678468899
I read action number: 4 Of type: 0 By user_id: 26589 time: 1678468899
I read action numI am reading the feed queue of the user_iI am reading the feed queue of the user_id:   36578 and
I read action number: 0 Of type: 0 By user_id: 0 time: 0
I read action number: 0 Of type: 0 By user_id: 0 time: 0
I read action number: 0 Of type: 0 By user_id: 0 time: 0
I read action number: 0 Of type: 0 By user_id: 0 time: 0
I read action number: 0 Of type: 0 By user_id: 0 time: 0
I read action number: 0 Of type: 0 By user_id: 0 time: 0
I read action number: 0 Of type: 0 By user_id: 0 time: 0
I read action number: 8 Of type: 2 By user_id: 7276 time: 1678468899

I am reading the feed queue of the user_id:   30199 and
I read action number: 3 Of type: 2 By user_id: 7276 time: 1678468899
I read action number: 6 Of type: 2 By user_id: 7276 time: 1678468899
I read action number: 11 Of type: 2 By user_id: 6298 time: 1678468899
I read action number: 13 Of type: 0 By user_id: 6298 time: 1678468899
I read action number: 17 Of type: 0 By user_id: 6298 time: 1678468899
I read action number: 10 Of type: 1 By user_id: 6298 time: 1678468899
I read action number: 3 Of type: 1 By user_id: 6298 time: 1678468899
I read action number: 9 Of type: 1 By user_id: 6298 time: 1678468899
I read action number: 8 Of type: 2 By user_id: 6298 time: 1678468899
I read action number: 0 Of type: 0 By user_id: 0 time: 0

type: 0 By user_id: 22881 time: 1678468035
I read action number: 16 Of type: 2 By user_id: 22881 time: 1678468035
I read action number: 4 Of type: 2 By user_id: 22881 time: 1678468035

I am reading the feed queue of the user_id:   35077 and
I read action number: 5 Of type: 0 By user_id: 22881 time: 1678468035
I read action number: 9 Of type: 0 By user_id: 22881 time: 1678468035
I read action number: 18 Of type: 1 By user_id: 22881 time: 1678468035
I read action number: 21 Of type: 0 By user_id: 22881 time: 1678468035
I read action number: 16 Of type: 1 By user_id: 22881 time: 1678468035
I read action number: 25 Of type: 0 By user_id: 22881 time: 1678468035
I read action number: 16 Of type: 2 By user_id: 22881 time: 1678468035
I read action number: 4 Of type: 2 By user_id: 22881 time: 1678468035
I read action number: 0 Of type: 0 By user_id: 22881 time: 1678468035
I read action number: 13 Of type: 2 By user_id: 22881 time: 1678468035
I read action number: 6 Of type: 2 By user_id: 22881 time: 1678468035
I read action number: 9 Of type: 2 By user_id: 22881 time: 1678468035
I read action number: 3 Of type: 2 By user_id: 22881 time: 1678468035
I read action number: 1 Of type: 2 By user_id: 22881 time: 1678468035
I read action number: 5 Of type: 1 By user_id: 22881 time: 1678468035
I read action number: 2 Of type: 2 By user_id: 22881 time: 1678468035
I read action number: 0 Of type: 1 By user_id: 22881 time: 1678468035
I read action number: 4 Of type: 1 By user_id: 22881 time: 1678468035
I read action number: 6 Of type: 1 By user_id: 22881 time: 1678468035
I read action number: 10 Of type: 1 By user_id: 22881 time: 1678468035
I read action number: 11 Of type: 1 By user_id: 22881 time: 1678468035
I read action number: 5 Of type: 2 By user_id: 22881 time: 1678468035
I read action number: 4 Of type: 0 By user_id: 22881 time: 1678468035
I read action number: 2 Of type: 1 By user_id: 22881 time: 1678468035
I read action number: 13 Of type: 1 By user_id: 22881 time: 1678468035
I read action number: 17 Of type: 2 By user_id: 22881 time: 1678468035
I read action number: 9 Of type: 1 By user_id: 22881 time: 1678468035
I read action number: 6 Of type: 0 By user_id: 22881 time: 1678468035
I read action number: 15 Of type: 2 By user_id: 22881 time: 1678468035
I read action number: 1 Of type: 1 By user_id: 22881 time: 1678468035
I read action number: 10 Of type: 0 By user_id: 22881 time: 1678468035
I read action number: 2 Of type: 0 By user_id: 22881 time: 1678468035
I read action number: 3 Of type: 0 By user_id: 22881 time: 1678468035
I read action number: 10 Of type: 2 By user_id: 22881 time: 1678468035
I read action number: 8 Of type: 0 By user_id: 22881 time: 1678468035

I am reading the feed queue of the user_id:   22950 and
I read action number: 8 Of type: 2 By user_id: 22881 time: 1678468035
I read action number: 23 Of type: 1 By user_id: 22881 time: 1678468035
I read action number: 24 Of type: 0 By user_id: 22881 time: 1678468035
I read action number: 7 Of type: 2 By user_id: 22881 time: 1678468035

I am reading the feed queue of the user_id:   2300 and
I read action number: 4 Of type: 2 By user_id: 22881 time: 1678468035
I read action number: 0 Of type: 1 By user_id: 22881 time: 1678468035

